C51 COMPILER V9.60.0.0   EVOTE                                                             06/30/2022 22:12:15 PAGE 1   


C51 COMPILER V9.60.0.0, COMPILATION OF MODULE EVOTE
OBJECT MODULE PLACED IN .\Objects\evote.obj
COMPILER INVOKED BY: C:\Keil_v5\C51\BIN\C51.EXE evote.c OPTIMIZE(8,SPEED) BROWSE DEBUG OBJECTEXTEND PRINT(.\Listings\evo
                    -te.lst) TABS(2) OBJECT(.\Objects\evote.obj)

line level    source

   1          #include <MicroLABlet.h>
   2          declare_output_port=0x00;
   3          sbit buzzer_control = P3^5;
   4          sbit disp1_enable= P3^6 ;
   5          sbit disp2_enable=P3^7 ;
   6          sbit disp1_disable= P3^6 ;
   7          sbit disp2_disable=P3^7 ;
   8          static char array_counter, length, fps, higher_nibble, lower_nibble;
   9          void main(void)
  10           {
  11   1      //Hex code to display 0-9 digit //
  12   1      static unsigned char hexcode_digit[]={0x3F,0x06,0x5B,0x4F,0x66,0x6D,0x7D,0x07,0x7F,0x6F,0x77,0x7C,0x58,0x5
             -E,0x79,0x71};
  13   1      
  14   1      P1=declare_output_port;
  15   1      buzzer_control = 1; //to turn off buzzer //
  16   1      length=sizeof(hexcode_digit)/sizeof(unsigned char);
  17   1      while(1)
  18   1       {
  19   2       for (array_counter=0x00; array_counter<=0xFF; array_counter++)
  20   2       {
  21   3       higher_nibble=array_counter/10;
  22   3       lower_nibble=array_counter%10;
  23   3       for(fps=0;fps<=50;fps++)
  24   3       {
  25   4       disp1_enable=1;
  26   4       disp2_disable=0;
  27   4       P1= hexcode_digit [higher_nibble];
  28   4       delay(10);
  29   4       disp1_disable=0;
  30   4       disp2_enable=1;
  31   4       P1= hexcode_digit [lower_nibble];
  32   4       delay(10);
  33   4       }
  34   3       }
  35   2       }
  36   1       }


MODULE INFORMATION:   STATIC OVERLAYABLE
   CODE SIZE        =    174    ----
   CONSTANT SIZE    =   ----    ----
   XDATA SIZE       =   ----    ----
   PDATA SIZE       =   ----    ----
   DATA SIZE        =     35    ----
   IDATA SIZE       =   ----    ----
   BIT SIZE         =   ----    ----
END OF MODULE INFORMATION.


C51 COMPILATION COMPLETE.  0 WARNING(S),  0 ERROR(S)
