C51 COMPILER V9.60.0.0   READKEYM                                                          07/01/2022 20:41:28 PAGE 1   


C51 COMPILER V9.60.0.0, COMPILATION OF MODULE READKEYM
OBJECT MODULE PLACED IN .\Objects\readkeyM.obj
COMPILER INVOKED BY: C:\Keil_v5\C51\BIN\C51.EXE readkeyM.c OPTIMIZE(8,SPEED) BROWSE DEBUG OBJECTEXTEND PRINT(.\Listings\
                    -readkeyM.lst) TABS(2) OBJECT(.\Objects\readkeyM.obj)

line level    source

   1          //readkey.c//
   2          unsigned char key_value;
   3          unsigned char readkey()
   4           {
   5   1      while(1)
   6   1       {
   7   2       P2=0x7F;
*** ERROR C202 IN LINE 7 OF readkeyM.c: 'P2': undefined identifier
   8   2       if(P2==0x77)
*** ERROR C202 IN LINE 8 OF readkeyM.c: 'P2': undefined identifier
   9   2       {key_value=0;
  10   3       return key_value;}
  11   2       if(P2==0x7B)
*** ERROR C202 IN LINE 11 OF readkeyM.c: 'P2': undefined identifier
  12   2       {key_value=1;
  13   3       return key_value;}
  14   2       if(P2==0x7D)
*** ERROR C202 IN LINE 14 OF readkeyM.c: 'P2': undefined identifier
  15   2       {key_value=2;
  16   3       return key_value;}
  17   2       if(P2==0x7E)
*** ERROR C202 IN LINE 17 OF readkeyM.c: 'P2': undefined identifier
  18   2       {key_value=3;
  19   3       return key_value;}
  20   2      P2=0xBF;
*** ERROR C202 IN LINE 20 OF readkeyM.c: 'P2': undefined identifier
  21   2      if(P2==0xB7)
*** ERROR C202 IN LINE 21 OF readkeyM.c: 'P2': undefined identifier
  22   2       {key_value=4;
  23   3       return key_value;}
  24   2       if(P2==0xBB)
*** ERROR C202 IN LINE 24 OF readkeyM.c: 'P2': undefined identifier
  25   2       {key_value=5;
  26   3       return key_value;}
  27   2       if(P2==0xBD)
*** ERROR C202 IN LINE 27 OF readkeyM.c: 'P2': undefined identifier
  28   2       {key_value=6;
  29   3       return key_value;}
  30   2       if(P2==0xBE)
*** ERROR C202 IN LINE 30 OF readkeyM.c: 'P2': undefined identifier
  31   2       {key_value=7;
  32   3       return key_value;}
  33   2      P2=0xDF;
*** ERROR C202 IN LINE 33 OF readkeyM.c: 'P2': undefined identifier
  34   2       if(P2==0xD7)
*** ERROR C202 IN LINE 34 OF readkeyM.c: 'P2': undefined identifier
  35   2       {key_value=8;
  36   3       return key_value;}
  37   2      if(P2==0xDB)
*** ERROR C202 IN LINE 37 OF readkeyM.c: 'P2': undefined identifier
  38   2       {key_value=9;
  39   3       return key_value;} 
  40   2       if(P2==0xDD)
*** ERROR C202 IN LINE 40 OF readkeyM.c: 'P2': undefined identifier
C51 COMPILER V9.60.0.0   READKEYM                                                          07/01/2022 20:41:28 PAGE 2   

  41   2       {key_value=0x0a;
  42   3       return key_value;}
  43   2       if(P2==0xDE)
*** ERROR C202 IN LINE 43 OF readkeyM.c: 'P2': undefined identifier
  44   2       {key_value=0x0b;
  45   3       return key_value;}
  46   2      P2=0xEF;
*** ERROR C202 IN LINE 46 OF readkeyM.c: 'P2': undefined identifier
  47   2       if(P2==0xE7)
*** ERROR C202 IN LINE 47 OF readkeyM.c: 'P2': undefined identifier
  48   2       {key_value=0x0c;
  49   3       return key_value;}
  50   2       if(P2==0xEB)
*** ERROR C202 IN LINE 50 OF readkeyM.c: 'P2': undefined identifier
  51   2       {key_value=0x0d;
  52   3       return key_value;}
  53   2       if(P2==0xED)
*** ERROR C202 IN LINE 53 OF readkeyM.c: 'P2': undefined identifier
  54   2       {key_value=0x0e;
  55   3       return key_value;}
  56   2       if(P2==0xEE)
*** ERROR C202 IN LINE 56 OF readkeyM.c: 'P2': undefined identifier
  57   2       {key_value=0x0f;
  58   3       return key_value;}
  59   2      }
  60   1       }

C51 COMPILATION COMPLETE.  0 WARNING(S),  20 ERROR(S)
